2025-04-23 13:44:41.281+0000 INFO  Logging config in use: Embedded default config 'default-user-logs.xml'
2025-04-23 13:44:41.288+0000 INFO  Starting...
2025-04-23 13:44:42.087+0000 INFO  This instance is ServerId{71e94502} (71e94502-1c64-4cef-b09a-2fe30fe28f06)
2025-04-23 13:44:42.988+0000 INFO  ======== Neo4j 5.26.0 ========
2025-04-23 13:44:45.174+0000 INFO  Anonymous Usage Data is being sent to Neo4j, see https://neo4j.com/docs/usage-data/
2025-04-23 13:44:45.208+0000 INFO  Bolt enabled on 0.0.0.0:7687.
2025-04-23 13:44:45.883+0000 INFO  HTTP enabled on 0.0.0.0:7474.
2025-04-23 13:44:45.884+0000 INFO  Remote interface available at http://localhost:7474/
2025-04-23 13:44:45.888+0000 INFO  id: 8577EE821229D37FD9DEBD228133C222250717F6B93111FEE8797B8B92E6DBB6
2025-04-23 13:44:45.888+0000 INFO  name: system
2025-04-23 13:44:45.889+0000 INFO  creationDate: 2025-04-23T13:44:43.945Z
2025-04-23 13:44:45.890+0000 INFO  Started.
2025-04-23 13:45:38.989+0000 INFO  Neo4j Server shutdown initiated by request
2025-04-23 13:45:38.990+0000 INFO  Stopping...
2025-04-26 15:45:32.252+0000 INFO  Logging config in use: Embedded default config 'default-user-logs.xml'
2025-04-26 15:45:32.258+0000 INFO  Starting...
2025-04-26 15:45:33.197+0000 INFO  This instance is ServerId{71e94502} (71e94502-1c64-4cef-b09a-2fe30fe28f06)
2025-04-26 15:45:34.621+0000 INFO  ======== Neo4j 5.26.0 ========
2025-04-26 15:45:37.424+0000 INFO  Anonymous Usage Data is being sent to Neo4j, see https://neo4j.com/docs/usage-data/
2025-04-26 15:45:37.461+0000 INFO  Bolt enabled on 0.0.0.0:7687.
2025-04-26 15:45:38.113+0000 INFO  HTTP enabled on 0.0.0.0:7474.
2025-04-26 15:45:38.114+0000 INFO  Remote interface available at http://localhost:7474/
2025-04-26 15:45:38.117+0000 INFO  id: 8577EE821229D37FD9DEBD228133C222250717F6B93111FEE8797B8B92E6DBB6
2025-04-26 15:45:38.118+0000 INFO  name: system
2025-04-26 15:45:38.118+0000 INFO  creationDate: 2025-04-23T13:44:43.945Z
2025-04-26 15:45:38.119+0000 INFO  Started.
2025-04-26 15:47:26.253+0000 INFO  Neo4j Server shutdown initiated by request
2025-04-26 15:47:26.254+0000 INFO  Stopping...
2025-05-08 12:54:56.873+0000 INFO  Logging config in use: Embedded default config 'default-user-logs.xml'
2025-05-08 12:54:56.879+0000 INFO  Starting...
2025-05-08 12:54:57.646+0000 INFO  This instance is ServerId{71e94502} (71e94502-1c64-4cef-b09a-2fe30fe28f06)
2025-05-08 12:54:59.061+0000 INFO  ======== Neo4j 5.26.0 ========
2025-05-08 12:55:02.019+0000 INFO  Anonymous Usage Data is being sent to Neo4j, see https://neo4j.com/docs/usage-data/
2025-05-08 12:55:02.119+0000 INFO  Bolt enabled on 0.0.0.0:7687.
2025-05-08 12:55:03.068+0000 INFO  HTTP enabled on 0.0.0.0:7474.
2025-05-08 12:55:03.069+0000 INFO  Remote interface available at http://localhost:7474/
2025-05-08 12:55:03.071+0000 INFO  id: 8577EE821229D37FD9DEBD228133C222250717F6B93111FEE8797B8B92E6DBB6
2025-05-08 12:55:03.072+0000 INFO  name: system
2025-05-08 12:55:03.072+0000 INFO  creationDate: 2025-04-23T13:44:43.945Z
2025-05-08 12:55:03.073+0000 INFO  Started.
2025-05-08 13:32:48.471+0000 INFO  Neo4j Server shutdown initiated by request
2025-05-08 13:32:48.472+0000 INFO  Stopping...
2025-05-08 13:32:53.796+0000 INFO  Stopped.
2025-05-08 13:33:01.667+0000 INFO  Logging config in use: Embedded default config 'default-user-logs.xml'
2025-05-08 13:33:01.672+0000 INFO  Starting...
2025-05-08 13:33:02.392+0000 INFO  This instance is ServerId{71e94502} (71e94502-1c64-4cef-b09a-2fe30fe28f06)
2025-05-08 13:33:03.558+0000 INFO  ======== Neo4j 5.26.0 ========
2025-05-08 13:33:05.807+0000 INFO  Anonymous Usage Data is being sent to Neo4j, see https://neo4j.com/docs/usage-data/
2025-05-08 13:33:05.841+0000 INFO  Bolt enabled on 0.0.0.0:7687.
2025-05-08 13:33:06.474+0000 INFO  HTTP enabled on 0.0.0.0:7474.
2025-05-08 13:33:06.475+0000 INFO  Remote interface available at http://localhost:7474/
2025-05-08 13:33:06.478+0000 INFO  id: 8577EE821229D37FD9DEBD228133C222250717F6B93111FEE8797B8B92E6DBB6
2025-05-08 13:33:06.479+0000 INFO  name: system
2025-05-08 13:33:06.480+0000 INFO  creationDate: 2025-04-23T13:44:43.945Z
2025-05-08 13:33:06.480+0000 INFO  Started.
2025-05-08 13:35:31.314+0000 INFO  Neo4j Server shutdown initiated by request
2025-05-08 13:35:31.315+0000 INFO  Stopping...
2025-05-08 13:35:36.662+0000 INFO  Stopped.
2025-05-08 20:41:11.576+0000 INFO  Logging config in use: Embedded default config 'default-user-logs.xml'
2025-05-08 20:41:11.583+0000 INFO  Starting...
2025-05-08 20:41:12.425+0000 INFO  This instance is ServerId{71e94502} (71e94502-1c64-4cef-b09a-2fe30fe28f06)
2025-05-08 20:41:13.697+0000 INFO  ======== Neo4j 5.26.0 ========
2025-05-08 20:41:16.403+0000 INFO  Anonymous Usage Data is being sent to Neo4j, see https://neo4j.com/docs/usage-data/
2025-05-08 20:41:16.443+0000 INFO  Bolt enabled on 0.0.0.0:7687.
2025-05-08 20:41:17.276+0000 INFO  HTTP enabled on 0.0.0.0:7474.
2025-05-08 20:41:17.277+0000 INFO  Remote interface available at http://localhost:7474/
2025-05-08 20:41:17.281+0000 INFO  id: 8577EE821229D37FD9DEBD228133C222250717F6B93111FEE8797B8B92E6DBB6
2025-05-08 20:41:17.281+0000 INFO  name: system
2025-05-08 20:41:17.282+0000 INFO  creationDate: 2025-04-23T13:44:43.945Z
2025-05-08 20:41:17.282+0000 INFO  Started.
2025-05-08 22:39:02.217+0000 INFO  Neo4j Server shutdown initiated by request
2025-05-08 22:39:02.218+0000 INFO  Stopping...
2025-05-08 22:39:07.733+0000 INFO  Stopped.
2025-05-08 22:43:12.192+0000 INFO  Logging config in use: Embedded default config 'default-user-logs.xml'
2025-05-08 22:43:12.199+0000 INFO  Starting...
2025-05-08 22:43:12.894+0000 INFO  This instance is ServerId{71e94502} (71e94502-1c64-4cef-b09a-2fe30fe28f06)
2025-05-08 22:43:13.731+0000 INFO  ======== Neo4j 5.26.0 ========
2025-05-08 22:43:15.740+0000 INFO  Anonymous Usage Data is being sent to Neo4j, see https://neo4j.com/docs/usage-data/
2025-05-08 22:43:15.775+0000 INFO  Bolt enabled on 0.0.0.0:7687.
2025-05-08 22:43:16.300+0000 INFO  HTTP enabled on 0.0.0.0:7474.
2025-05-08 22:43:16.301+0000 INFO  Remote interface available at http://localhost:7474/
2025-05-08 22:43:16.304+0000 INFO  id: 8577EE821229D37FD9DEBD228133C222250717F6B93111FEE8797B8B92E6DBB6
2025-05-08 22:43:16.305+0000 INFO  name: system
2025-05-08 22:43:16.306+0000 INFO  creationDate: 2025-04-23T13:44:43.945Z
2025-05-08 22:43:16.306+0000 INFO  Started.
2025-05-08 22:47:48.081+0000 INFO  Neo4j Server shutdown initiated by request
2025-05-08 22:47:48.082+0000 INFO  Stopping...
2025-05-08 22:49:56.414+0000 INFO  Logging config in use: Embedded default config 'default-user-logs.xml'
2025-05-08 22:49:56.419+0000 INFO  Starting...
2025-05-08 22:49:57.115+0000 INFO  This instance is ServerId{71e94502} (71e94502-1c64-4cef-b09a-2fe30fe28f06)
2025-05-08 22:49:57.992+0000 INFO  ======== Neo4j 5.26.0 ========
2025-05-08 22:49:59.879+0000 INFO  Anonymous Usage Data is being sent to Neo4j, see https://neo4j.com/docs/usage-data/
2025-05-08 22:49:59.908+0000 INFO  Bolt enabled on 0.0.0.0:7687.
2025-05-08 22:50:00.425+0000 INFO  HTTP enabled on 0.0.0.0:7474.
2025-05-08 22:50:00.426+0000 INFO  Remote interface available at http://localhost:7474/
2025-05-08 22:50:00.429+0000 INFO  id: 8577EE821229D37FD9DEBD228133C222250717F6B93111FEE8797B8B92E6DBB6
2025-05-08 22:50:00.430+0000 INFO  name: system
2025-05-08 22:50:00.431+0000 INFO  creationDate: 2025-04-23T13:44:43.945Z
2025-05-08 22:50:00.431+0000 INFO  Started.
2025-05-08 22:51:47.856+0000 INFO  Neo4j Server shutdown initiated by request
2025-05-08 22:51:47.857+0000 INFO  Stopping...
2025-05-08 22:53:22.746+0000 INFO  Logging config in use: Embedded default config 'default-user-logs.xml'
2025-05-08 22:53:22.754+0000 INFO  Starting...
2025-05-08 22:53:23.590+0000 INFO  This instance is ServerId{71e94502} (71e94502-1c64-4cef-b09a-2fe30fe28f06)
2025-05-08 22:53:24.593+0000 INFO  ======== Neo4j 5.26.0 ========
2025-05-08 22:53:26.984+0000 INFO  Anonymous Usage Data is being sent to Neo4j, see https://neo4j.com/docs/usage-data/
2025-05-08 22:53:27.017+0000 INFO  Bolt enabled on 0.0.0.0:7687.
2025-05-08 22:53:27.661+0000 INFO  HTTP enabled on 0.0.0.0:7474.
2025-05-08 22:53:27.662+0000 INFO  Remote interface available at http://localhost:7474/
2025-05-08 22:53:27.667+0000 INFO  id: 8577EE821229D37FD9DEBD228133C222250717F6B93111FEE8797B8B92E6DBB6
2025-05-08 22:53:27.668+0000 INFO  name: system
2025-05-08 22:53:27.669+0000 INFO  creationDate: 2025-04-23T13:44:43.945Z
2025-05-08 22:53:27.669+0000 INFO  Started.
2025-05-08 22:55:49.281+0000 INFO  Neo4j Server shutdown initiated by request
2025-05-08 22:55:49.282+0000 INFO  Stopping...
2025-05-08 22:56:22.449+0000 INFO  Logging config in use: Embedded default config 'default-user-logs.xml'
2025-05-08 22:56:22.455+0000 INFO  Starting...
2025-05-08 22:56:23.221+0000 INFO  This instance is ServerId{71e94502} (71e94502-1c64-4cef-b09a-2fe30fe28f06)
2025-05-08 22:56:24.119+0000 INFO  ======== Neo4j 5.26.0 ========
2025-05-08 22:56:26.057+0000 INFO  Anonymous Usage Data is being sent to Neo4j, see https://neo4j.com/docs/usage-data/
2025-05-08 22:56:26.087+0000 INFO  Bolt enabled on 0.0.0.0:7687.
2025-05-08 22:56:26.617+0000 INFO  HTTP enabled on 0.0.0.0:7474.
2025-05-08 22:56:26.618+0000 INFO  Remote interface available at http://localhost:7474/
2025-05-08 22:56:26.622+0000 INFO  id: 8577EE821229D37FD9DEBD228133C222250717F6B93111FEE8797B8B92E6DBB6
2025-05-08 22:56:26.622+0000 INFO  name: system
2025-05-08 22:56:26.623+0000 INFO  creationDate: 2025-04-23T13:44:43.945Z
2025-05-08 22:56:26.624+0000 INFO  Started.
2025-05-08 22:58:54.917+0000 INFO  Neo4j Server shutdown initiated by request
2025-05-08 22:58:54.918+0000 INFO  Stopping...
2025-05-08 22:59:27.457+0000 INFO  Logging config in use: Embedded default config 'default-user-logs.xml'
2025-05-08 22:59:27.465+0000 INFO  Starting...
2025-05-08 22:59:28.284+0000 INFO  This instance is ServerId{71e94502} (71e94502-1c64-4cef-b09a-2fe30fe28f06)
2025-05-08 22:59:29.322+0000 INFO  ======== Neo4j 5.26.0 ========
2025-05-08 22:59:31.487+0000 INFO  Anonymous Usage Data is being sent to Neo4j, see https://neo4j.com/docs/usage-data/
2025-05-08 22:59:31.528+0000 INFO  Bolt enabled on 0.0.0.0:7687.
2025-05-08 22:59:32.160+0000 INFO  HTTP enabled on 0.0.0.0:7474.
2025-05-08 22:59:32.161+0000 INFO  Remote interface available at http://localhost:7474/
2025-05-08 22:59:32.166+0000 INFO  id: 8577EE821229D37FD9DEBD228133C222250717F6B93111FEE8797B8B92E6DBB6
2025-05-08 22:59:32.167+0000 INFO  name: system
2025-05-08 22:59:32.167+0000 INFO  creationDate: 2025-04-23T13:44:43.945Z
2025-05-08 22:59:32.168+0000 INFO  Started.
2025-05-08 23:01:52.790+0000 INFO  Logging config in use: Embedded default config 'default-user-logs.xml'
2025-05-08 23:01:52.796+0000 INFO  Starting...
2025-05-08 23:01:53.546+0000 INFO  This instance is ServerId{71e94502} (71e94502-1c64-4cef-b09a-2fe30fe28f06)
2025-05-08 23:01:54.458+0000 INFO  ======== Neo4j 5.26.0 ========
2025-05-08 23:01:56.494+0000 INFO  Anonymous Usage Data is being sent to Neo4j, see https://neo4j.com/docs/usage-data/
2025-05-08 23:01:56.521+0000 INFO  Bolt enabled on 0.0.0.0:7687.
2025-05-08 23:01:57.056+0000 INFO  HTTP enabled on 0.0.0.0:7474.
2025-05-08 23:01:57.057+0000 INFO  Remote interface available at http://localhost:7474/
2025-05-08 23:01:57.059+0000 INFO  id: 8577EE821229D37FD9DEBD228133C222250717F6B93111FEE8797B8B92E6DBB6
2025-05-08 23:01:57.060+0000 INFO  name: system
2025-05-08 23:01:57.061+0000 INFO  creationDate: 2025-04-23T13:44:43.945Z
2025-05-08 23:01:57.062+0000 INFO  Started.
2025-05-08 23:03:07.197+0000 INFO  Neo4j Server shutdown initiated by request
2025-05-08 23:03:07.199+0000 INFO  Stopping...
2025-05-08 23:18:07.056+0000 INFO  Logging config in use: Embedded default config 'default-user-logs.xml'
2025-05-08 23:18:07.062+0000 INFO  Starting...
2025-05-08 23:18:07.857+0000 INFO  This instance is ServerId{71e94502} (71e94502-1c64-4cef-b09a-2fe30fe28f06)
2025-05-08 23:18:08.957+0000 INFO  ======== Neo4j 5.26.0 ========
2025-05-08 23:18:10.930+0000 INFO  Anonymous Usage Data is being sent to Neo4j, see https://neo4j.com/docs/usage-data/
2025-05-08 23:18:10.965+0000 INFO  Bolt enabled on 0.0.0.0:7687.
2025-05-08 23:18:11.510+0000 INFO  HTTP enabled on 0.0.0.0:7474.
2025-05-08 23:18:11.511+0000 INFO  Remote interface available at http://localhost:7474/
2025-05-08 23:18:11.515+0000 INFO  id: 8577EE821229D37FD9DEBD228133C222250717F6B93111FEE8797B8B92E6DBB6
2025-05-08 23:18:11.517+0000 INFO  name: system
2025-05-08 23:18:11.518+0000 INFO  creationDate: 2025-04-23T13:44:43.945Z
2025-05-08 23:18:11.518+0000 INFO  Started.
2025-05-08 23:27:43.993+0000 INFO  Logging config in use: Embedded default config 'default-user-logs.xml'
2025-05-08 23:27:44.000+0000 INFO  Starting...
2025-05-08 23:27:44.776+0000 INFO  This instance is ServerId{71e94502} (71e94502-1c64-4cef-b09a-2fe30fe28f06)
2025-05-08 23:27:45.771+0000 INFO  ======== Neo4j 5.26.0 ========
2025-05-08 23:27:47.988+0000 INFO  Anonymous Usage Data is being sent to Neo4j, see https://neo4j.com/docs/usage-data/
2025-05-08 23:27:48.019+0000 INFO  Bolt enabled on 0.0.0.0:7687.
2025-05-08 23:27:48.569+0000 INFO  HTTP enabled on 0.0.0.0:7474.
2025-05-08 23:27:48.570+0000 INFO  Remote interface available at http://localhost:7474/
2025-05-08 23:27:48.573+0000 INFO  id: 8577EE821229D37FD9DEBD228133C222250717F6B93111FEE8797B8B92E6DBB6
2025-05-08 23:27:48.574+0000 INFO  name: system
2025-05-08 23:27:48.575+0000 INFO  creationDate: 2025-04-23T13:44:43.945Z
2025-05-08 23:27:48.577+0000 INFO  Started.
2025-05-08 23:31:00.824+0000 INFO  Neo4j Server shutdown initiated by request
2025-05-08 23:31:00.824+0000 INFO  Stopping...
2025-05-08 23:32:56.710+0000 INFO  Logging config in use: Embedded default config 'default-user-logs.xml'
2025-05-08 23:32:56.717+0000 INFO  Starting...
2025-05-08 23:32:57.513+0000 INFO  This instance is ServerId{71e94502} (71e94502-1c64-4cef-b09a-2fe30fe28f06)
2025-05-08 23:32:58.482+0000 INFO  ======== Neo4j 5.26.0 ========
2025-05-08 23:33:00.626+0000 INFO  Anonymous Usage Data is being sent to Neo4j, see https://neo4j.com/docs/usage-data/
2025-05-08 23:33:00.657+0000 INFO  Bolt enabled on 0.0.0.0:7687.
2025-05-08 23:33:01.230+0000 INFO  HTTP enabled on 0.0.0.0:7474.
2025-05-08 23:33:01.232+0000 INFO  Remote interface available at http://localhost:7474/
2025-05-08 23:33:01.235+0000 INFO  id: 8577EE821229D37FD9DEBD228133C222250717F6B93111FEE8797B8B92E6DBB6
2025-05-08 23:33:01.235+0000 INFO  name: system
2025-05-08 23:33:01.236+0000 INFO  creationDate: 2025-04-23T13:44:43.945Z
2025-05-08 23:33:01.237+0000 INFO  Started.
2025-05-08 23:36:46.157+0000 INFO  Neo4j Server shutdown initiated by request
2025-05-08 23:36:46.158+0000 INFO  Stopping...
2025-05-08 23:44:13.006+0000 INFO  Logging config in use: Embedded default config 'default-user-logs.xml'
2025-05-08 23:44:13.012+0000 INFO  Starting...
2025-05-08 23:44:13.838+0000 INFO  This instance is ServerId{71e94502} (71e94502-1c64-4cef-b09a-2fe30fe28f06)
2025-05-08 23:44:14.770+0000 INFO  ======== Neo4j 5.26.0 ========
2025-05-08 23:44:16.849+0000 INFO  Anonymous Usage Data is being sent to Neo4j, see https://neo4j.com/docs/usage-data/
2025-05-08 23:44:16.882+0000 INFO  Bolt enabled on 0.0.0.0:7687.
2025-05-08 23:44:17.617+0000 INFO  HTTP enabled on 0.0.0.0:7474.
2025-05-08 23:44:17.618+0000 INFO  Remote interface available at http://localhost:7474/
2025-05-08 23:44:17.623+0000 INFO  id: 8577EE821229D37FD9DEBD228133C222250717F6B93111FEE8797B8B92E6DBB6
2025-05-08 23:44:17.623+0000 INFO  name: system
2025-05-08 23:44:17.624+0000 INFO  creationDate: 2025-04-23T13:44:43.945Z
2025-05-08 23:44:17.624+0000 INFO  Started.
2025-05-08 23:45:29.640+0000 INFO  Neo4j Server shutdown initiated by request
2025-05-08 23:45:29.640+0000 INFO  Stopping...
2025-05-08 23:55:49.107+0000 INFO  Logging config in use: Embedded default config 'default-user-logs.xml'
2025-05-08 23:55:49.113+0000 INFO  Starting...
2025-05-08 23:55:49.858+0000 INFO  This instance is ServerId{71e94502} (71e94502-1c64-4cef-b09a-2fe30fe28f06)
2025-05-08 23:55:50.693+0000 INFO  ======== Neo4j 5.26.0 ========
2025-05-08 23:55:52.640+0000 INFO  Anonymous Usage Data is being sent to Neo4j, see https://neo4j.com/docs/usage-data/
2025-05-08 23:55:52.669+0000 INFO  Bolt enabled on 0.0.0.0:7687.
2025-05-08 23:55:53.312+0000 INFO  HTTP enabled on 0.0.0.0:7474.
2025-05-08 23:55:53.314+0000 INFO  Remote interface available at http://localhost:7474/
2025-05-08 23:55:53.318+0000 INFO  id: 8577EE821229D37FD9DEBD228133C222250717F6B93111FEE8797B8B92E6DBB6
2025-05-08 23:55:53.319+0000 INFO  name: system
2025-05-08 23:55:53.320+0000 INFO  creationDate: 2025-04-23T13:44:43.945Z
2025-05-08 23:55:53.321+0000 INFO  Started.
2025-05-09 00:00:54.253+0000 INFO  Neo4j Server shutdown initiated by request
2025-05-09 00:00:54.255+0000 INFO  Stopping...
2025-05-09 00:02:25.365+0000 INFO  Logging config in use: Embedded default config 'default-user-logs.xml'
2025-05-09 00:02:25.371+0000 INFO  Starting...
2025-05-09 00:02:26.260+0000 INFO  This instance is ServerId{71e94502} (71e94502-1c64-4cef-b09a-2fe30fe28f06)
2025-05-09 00:02:27.212+0000 INFO  ======== Neo4j 5.26.0 ========
2025-05-09 00:02:29.125+0000 INFO  Anonymous Usage Data is being sent to Neo4j, see https://neo4j.com/docs/usage-data/
2025-05-09 00:02:29.158+0000 INFO  Bolt enabled on 0.0.0.0:7687.
2025-05-09 00:02:29.646+0000 INFO  HTTP enabled on 0.0.0.0:7474.
2025-05-09 00:02:29.647+0000 INFO  Remote interface available at http://localhost:7474/
2025-05-09 00:02:29.649+0000 INFO  id: 8577EE821229D37FD9DEBD228133C222250717F6B93111FEE8797B8B92E6DBB6
2025-05-09 00:02:29.650+0000 INFO  name: system
2025-05-09 00:02:29.651+0000 INFO  creationDate: 2025-04-23T13:44:43.945Z
2025-05-09 00:02:29.651+0000 INFO  Started.
2025-05-09 00:06:31.872+0000 INFO  Neo4j Server shutdown initiated by request
2025-05-09 00:06:31.873+0000 INFO  Stopping...
2025-05-09 00:11:12.608+0000 INFO  Logging config in use: Embedded default config 'default-user-logs.xml'
2025-05-09 00:11:12.615+0000 INFO  Starting...
2025-05-09 00:11:13.310+0000 INFO  This instance is ServerId{71e94502} (71e94502-1c64-4cef-b09a-2fe30fe28f06)
2025-05-09 00:11:14.308+0000 INFO  ======== Neo4j 2025.04.0 ========
2025-05-09 00:11:15.884+0000 INFO  Anonymous Usage Data is being sent to Neo4j, see https://neo4j.com/docs/usage-data/
2025-05-09 00:11:16.450+0000 INFO  Bolt enabled on 0.0.0.0:7687.
2025-05-09 00:11:17.093+0000 INFO  HTTP enabled on 0.0.0.0:7474.
2025-05-09 00:11:17.094+0000 INFO  Remote interface available at http://localhost:7474/
2025-05-09 00:11:17.097+0000 INFO  id: 8577EE821229D37FD9DEBD228133C222250717F6B93111FEE8797B8B92E6DBB6
2025-05-09 00:11:17.098+0000 INFO  name: system
2025-05-09 00:11:17.098+0000 INFO  creationDate: 2025-04-23T13:44:43.945Z
2025-05-09 00:11:17.099+0000 INFO  Started.
2025-05-09 00:21:31.202+0000 INFO  Neo4j Server shutdown initiated by request
2025-05-09 00:21:31.203+0000 INFO  Stopping...
2025-05-09 00:23:33.220+0000 INFO  Logging config in use: Embedded default config 'default-user-logs.xml'
2025-05-09 00:23:33.227+0000 INFO  Starting...
2025-05-09 00:23:34.054+0000 INFO  This instance is ServerId{71e94502} (71e94502-1c64-4cef-b09a-2fe30fe28f06)
2025-05-09 00:23:34.993+0000 INFO  ======== Neo4j 2025.04.0 ========
2025-05-09 00:23:36.479+0000 INFO  Anonymous Usage Data is being sent to Neo4j, see https://neo4j.com/docs/usage-data/
2025-05-09 00:23:36.878+0000 INFO  Bolt enabled on 0.0.0.0:7687.
2025-05-09 00:23:37.435+0000 INFO  HTTP enabled on 0.0.0.0:7474.
2025-05-09 00:23:37.436+0000 INFO  Remote interface available at http://localhost:7474/
2025-05-09 00:23:37.439+0000 INFO  id: 8577EE821229D37FD9DEBD228133C222250717F6B93111FEE8797B8B92E6DBB6
2025-05-09 00:23:37.440+0000 INFO  name: system
2025-05-09 00:23:37.440+0000 INFO  creationDate: 2025-04-23T13:44:43.945Z
2025-05-09 00:23:37.441+0000 INFO  Started.
2025-05-09 00:29:53.670+0000 INFO  Neo4j Server shutdown initiated by request
2025-05-09 00:29:53.670+0000 INFO  Stopping...
2025-05-09 00:34:04.861+0000 INFO  Logging config in use: Embedded default config 'default-user-logs.xml'
2025-05-09 00:34:04.868+0000 INFO  Starting...
2025-05-09 00:34:05.581+0000 INFO  This instance is ServerId{71e94502} (71e94502-1c64-4cef-b09a-2fe30fe28f06)
2025-05-09 00:34:06.507+0000 INFO  ======== Neo4j 2025.04.0 ========
2025-05-09 00:34:08.024+0000 INFO  Anonymous Usage Data is being sent to Neo4j, see https://neo4j.com/docs/usage-data/
2025-05-09 00:34:08.459+0000 INFO  Bolt enabled on 0.0.0.0:7687.
2025-05-09 00:34:09.099+0000 INFO  HTTP enabled on 0.0.0.0:7474.
2025-05-09 00:34:09.099+0000 INFO  Remote interface available at http://localhost:7474/
2025-05-09 00:34:09.102+0000 INFO  id: 8577EE821229D37FD9DEBD228133C222250717F6B93111FEE8797B8B92E6DBB6
2025-05-09 00:34:09.103+0000 INFO  name: system
2025-05-09 00:34:09.104+0000 INFO  creationDate: 2025-04-23T13:44:43.945Z
2025-05-09 00:34:09.104+0000 INFO  Started.
2025-05-09 00:37:48.019+0000 INFO  Neo4j Server shutdown initiated by request
2025-05-09 00:37:48.020+0000 INFO  Stopping...
2025-05-09 10:48:56.462+0000 INFO  Logging config in use: Embedded default config 'default-user-logs.xml'
2025-05-09 10:48:56.470+0000 INFO  Starting...
2025-05-09 10:48:57.315+0000 INFO  This instance is ServerId{71e94502} (71e94502-1c64-4cef-b09a-2fe30fe28f06)
2025-05-09 10:48:59.043+0000 INFO  ======== Neo4j 2025.04.0 ========
2025-05-09 10:49:01.530+0000 INFO  Anonymous Usage Data is being sent to Neo4j, see https://neo4j.com/docs/usage-data/
2025-05-09 10:49:02.337+0000 INFO  Bolt enabled on 0.0.0.0:7687.
2025-05-09 10:49:03.458+0000 INFO  HTTP enabled on 0.0.0.0:7474.
2025-05-09 10:49:03.459+0000 INFO  Remote interface available at http://localhost:7474/
2025-05-09 10:49:03.462+0000 INFO  id: 8577EE821229D37FD9DEBD228133C222250717F6B93111FEE8797B8B92E6DBB6
2025-05-09 10:49:03.463+0000 INFO  name: system
2025-05-09 10:49:03.463+0000 INFO  creationDate: 2025-04-23T13:44:43.945Z
2025-05-09 10:49:03.464+0000 INFO  Started.
2025-05-09 10:50:49.647+0000 INFO  Neo4j Server shutdown initiated by request
2025-05-09 10:50:49.648+0000 INFO  Stopping...
2025-05-09 10:53:23.933+0000 INFO  Logging config in use: Embedded default config 'default-user-logs.xml'
2025-05-09 10:53:23.938+0000 INFO  Starting...
2025-05-09 10:53:24.622+0000 INFO  This instance is ServerId{71e94502} (71e94502-1c64-4cef-b09a-2fe30fe28f06)
2025-05-09 10:53:25.533+0000 INFO  ======== Neo4j 2025.04.0 ========
2025-05-09 10:53:27.240+0000 INFO  Anonymous Usage Data is being sent to Neo4j, see https://neo4j.com/docs/usage-data/
2025-05-09 10:53:27.801+0000 INFO  Bolt enabled on 0.0.0.0:7687.
2025-05-09 10:53:28.381+0000 INFO  HTTP enabled on 0.0.0.0:7474.
2025-05-09 10:53:28.381+0000 INFO  Remote interface available at http://localhost:7474/
2025-05-09 10:53:28.384+0000 INFO  id: 8577EE821229D37FD9DEBD228133C222250717F6B93111FEE8797B8B92E6DBB6
2025-05-09 10:53:28.385+0000 INFO  name: system
2025-05-09 10:53:28.386+0000 INFO  creationDate: 2025-04-23T13:44:43.945Z
2025-05-09 10:53:28.387+0000 INFO  Started.
2025-05-10 00:43:32.114+0000 INFO  Neo4j Server shutdown initiated by request
2025-05-10 00:43:32.117+0000 INFO  Stopping...
2025-05-10 00:43:37.900+0000 INFO  Stopped.
2025-05-10 15:30:17.753+0000 INFO  Logging config in use: Embedded default config 'default-user-logs.xml'
2025-05-10 15:30:17.761+0000 INFO  Starting...
2025-05-10 15:30:18.589+0000 INFO  This instance is ServerId{71e94502} (71e94502-1c64-4cef-b09a-2fe30fe28f06)
2025-05-10 15:30:19.945+0000 INFO  ======== Neo4j 2025.04.0 ========
2025-05-10 15:30:22.150+0000 INFO  Anonymous Usage Data is being sent to Neo4j, see https://neo4j.com/docs/usage-data/
2025-05-10 15:30:22.946+0000 INFO  Bolt enabled on 0.0.0.0:7687.
2025-05-10 15:30:23.833+0000 INFO  HTTP enabled on 0.0.0.0:7474.
2025-05-10 15:30:23.834+0000 INFO  Remote interface available at http://localhost:7474/
2025-05-10 15:30:23.836+0000 INFO  id: 8577EE821229D37FD9DEBD228133C222250717F6B93111FEE8797B8B92E6DBB6
2025-05-10 15:30:23.837+0000 INFO  name: system
2025-05-10 15:30:23.838+0000 INFO  creationDate: 2025-04-23T13:44:43.945Z
2025-05-10 15:30:23.838+0000 INFO  Started.
2025-05-11 00:11:45.662+0000 INFO  Neo4j Server shutdown initiated by request
2025-05-11 00:11:45.671+0000 INFO  Stopping...
2025-05-11 00:11:51.731+0000 INFO  Stopped.
2025-05-11 16:08:50.989+0000 INFO  Logging config in use: Embedded default config 'default-user-logs.xml'
2025-05-11 16:08:50.999+0000 INFO  Starting...
2025-05-11 16:08:51.908+0000 INFO  This instance is ServerId{71e94502} (71e94502-1c64-4cef-b09a-2fe30fe28f06)
2025-05-11 16:08:53.431+0000 INFO  ======== Neo4j 2025.04.0 ========
2025-05-11 16:08:55.804+0000 INFO  Anonymous Usage Data is being sent to Neo4j, see https://neo4j.com/docs/usage-data/
2025-05-11 16:08:56.584+0000 INFO  Bolt enabled on 0.0.0.0:7687.
2025-05-11 16:08:57.457+0000 INFO  HTTP enabled on 0.0.0.0:7474.
2025-05-11 16:08:57.459+0000 INFO  Remote interface available at http://localhost:7474/
2025-05-11 16:08:57.462+0000 INFO  id: 8577EE821229D37FD9DEBD228133C222250717F6B93111FEE8797B8B92E6DBB6
2025-05-11 16:08:57.462+0000 INFO  name: system
2025-05-11 16:08:57.463+0000 INFO  creationDate: 2025-04-23T13:44:43.945Z
2025-05-11 16:08:57.464+0000 INFO  Started.
2025-05-12 00:36:50.129+0000 INFO  Neo4j Server shutdown initiated by request
2025-05-12 00:36:50.141+0000 INFO  Stopping...
2025-05-12 11:27:37.540+0000 INFO  Logging config in use: Embedded default config 'default-user-logs.xml'
2025-05-12 11:27:37.550+0000 INFO  Starting...
2025-05-12 11:27:38.433+0000 INFO  This instance is ServerId{71e94502} (71e94502-1c64-4cef-b09a-2fe30fe28f06)
2025-05-12 11:27:39.968+0000 INFO  ======== Neo4j 2025.04.0 ========
2025-05-12 11:27:42.295+0000 INFO  Anonymous Usage Data is being sent to Neo4j, see https://neo4j.com/docs/usage-data/
2025-05-12 11:27:43.123+0000 INFO  Bolt enabled on 0.0.0.0:7687.
2025-05-12 11:27:43.967+0000 INFO  HTTP enabled on 0.0.0.0:7474.
2025-05-12 11:27:43.968+0000 INFO  Remote interface available at http://localhost:7474/
2025-05-12 11:27:43.971+0000 INFO  id: 8577EE821229D37FD9DEBD228133C222250717F6B93111FEE8797B8B92E6DBB6
2025-05-12 11:27:43.972+0000 INFO  name: system
2025-05-12 11:27:43.972+0000 INFO  creationDate: 2025-04-23T13:44:43.945Z
2025-05-12 11:27:43.973+0000 INFO  Started.
2025-05-13 10:31:06.972+0000 INFO  Logging config in use: Embedded default config 'default-user-logs.xml'
2025-05-13 10:31:06.978+0000 INFO  Starting...
2025-05-13 10:31:07.705+0000 INFO  This instance is ServerId{71e94502} (71e94502-1c64-4cef-b09a-2fe30fe28f06)
2025-05-13 10:31:08.944+0000 INFO  ======== Neo4j 2025.04.0 ========
2025-05-13 10:31:10.880+0000 INFO  Anonymous Usage Data is being sent to Neo4j, see https://neo4j.com/docs/usage-data/
2025-05-13 10:31:11.505+0000 INFO  Bolt enabled on 0.0.0.0:7687.
2025-05-13 10:31:12.211+0000 INFO  HTTP enabled on 0.0.0.0:7474.
2025-05-13 10:31:12.212+0000 INFO  Remote interface available at http://localhost:7474/
2025-05-13 10:31:12.214+0000 INFO  id: 8577EE821229D37FD9DEBD228133C222250717F6B93111FEE8797B8B92E6DBB6
2025-05-13 10:31:12.215+0000 INFO  name: system
2025-05-13 10:31:12.215+0000 INFO  creationDate: 2025-04-23T13:44:43.945Z
2025-05-13 10:31:12.216+0000 INFO  Started.
2025-05-14 09:33:14.767+0000 INFO  Logging config in use: Embedded default config 'default-user-logs.xml'
2025-05-14 09:33:14.773+0000 INFO  Starting...
2025-05-14 09:33:15.563+0000 INFO  This instance is ServerId{71e94502} (71e94502-1c64-4cef-b09a-2fe30fe28f06)
2025-05-14 09:33:16.866+0000 INFO  ======== Neo4j 2025.04.0 ========
2025-05-14 09:33:19.061+0000 INFO  Anonymous Usage Data is being sent to Neo4j, see https://neo4j.com/docs/usage-data/
2025-05-14 09:33:19.800+0000 INFO  Bolt enabled on 0.0.0.0:7687.
2025-05-14 09:33:20.669+0000 INFO  HTTP enabled on 0.0.0.0:7474.
2025-05-14 09:33:20.670+0000 INFO  Remote interface available at http://localhost:7474/
2025-05-14 09:33:20.672+0000 INFO  id: 8577EE821229D37FD9DEBD228133C222250717F6B93111FEE8797B8B92E6DBB6
2025-05-14 09:33:20.673+0000 INFO  name: system
2025-05-14 09:33:20.673+0000 INFO  creationDate: 2025-04-23T13:44:43.945Z
2025-05-14 09:33:20.674+0000 INFO  Started.
2025-05-14 16:09:43.267+0000 INFO  Logging config in use: Embedded default config 'default-user-logs.xml'
2025-05-14 16:09:43.274+0000 INFO  Starting...
2025-05-14 16:09:44.108+0000 INFO  This instance is ServerId{71e94502} (71e94502-1c64-4cef-b09a-2fe30fe28f06)
2025-05-14 16:09:45.468+0000 INFO  ======== Neo4j 2025.04.0 ========
2025-05-14 16:09:47.664+0000 INFO  Anonymous Usage Data is being sent to Neo4j, see https://neo4j.com/docs/usage-data/
2025-05-14 16:09:48.649+0000 INFO  Bolt enabled on 0.0.0.0:7687.
2025-05-14 16:09:49.466+0000 INFO  HTTP enabled on 0.0.0.0:7474.
2025-05-14 16:09:49.467+0000 INFO  Remote interface available at http://localhost:7474/
2025-05-14 16:09:49.470+0000 INFO  id: 8577EE821229D37FD9DEBD228133C222250717F6B93111FEE8797B8B92E6DBB6
2025-05-14 16:09:49.470+0000 INFO  name: system
2025-05-14 16:09:49.471+0000 INFO  creationDate: 2025-04-23T13:44:43.945Z
2025-05-14 16:09:49.472+0000 INFO  Started.
2025-05-14 18:22:13.623+0000 INFO  Neo4j Server shutdown initiated by request
2025-05-14 18:22:13.632+0000 INFO  Stopping...
2025-05-18 13:46:44.863+0000 INFO  Logging config in use: Embedded default config 'default-user-logs.xml'
2025-05-18 13:46:44.869+0000 INFO  Starting...
2025-05-18 13:46:45.646+0000 INFO  This instance is ServerId{71e94502} (71e94502-1c64-4cef-b09a-2fe30fe28f06)
2025-05-18 13:46:46.945+0000 INFO  ======== Neo4j 2025.04.0 ========
2025-05-18 13:46:48.966+0000 INFO  Anonymous Usage Data is being sent to Neo4j, see https://neo4j.com/docs/usage-data/
2025-05-18 13:46:49.584+0000 INFO  Bolt enabled on 0.0.0.0:7687.
2025-05-18 13:46:50.281+0000 INFO  HTTP enabled on 0.0.0.0:7474.
2025-05-18 13:46:50.282+0000 INFO  Remote interface available at http://localhost:7474/
2025-05-18 13:46:50.286+0000 INFO  id: 8577EE821229D37FD9DEBD228133C222250717F6B93111FEE8797B8B92E6DBB6
2025-05-18 13:46:50.287+0000 INFO  name: system
2025-05-18 13:46:50.287+0000 INFO  creationDate: 2025-04-23T13:44:43.945Z
2025-05-18 13:46:50.288+0000 INFO  Started.
2025-05-18 15:14:04.418+0000 INFO  Neo4j Server shutdown initiated by request
2025-05-18 15:14:04.423+0000 INFO  Stopping...
2025-05-18 15:14:10.128+0000 INFO  Stopped.
2025-05-18 15:17:19.227+0000 INFO  Logging config in use: Embedded default config 'default-user-logs.xml'
2025-05-18 15:17:19.235+0000 INFO  Starting...
2025-05-18 15:17:19.995+0000 INFO  This instance is ServerId{71e94502} (71e94502-1c64-4cef-b09a-2fe30fe28f06)
2025-05-18 15:17:20.947+0000 INFO  ======== Neo4j 2025.04.0 ========
2025-05-18 15:17:22.555+0000 INFO  Anonymous Usage Data is being sent to Neo4j, see https://neo4j.com/docs/usage-data/
2025-05-18 15:17:22.981+0000 INFO  Bolt enabled on 0.0.0.0:7687.
2025-05-18 15:17:23.633+0000 INFO  HTTP enabled on 0.0.0.0:7474.
2025-05-18 15:17:23.634+0000 INFO  Remote interface available at http://localhost:7474/
2025-05-18 15:17:23.637+0000 INFO  id: 8577EE821229D37FD9DEBD228133C222250717F6B93111FEE8797B8B92E6DBB6
2025-05-18 15:17:23.639+0000 INFO  name: system
2025-05-18 15:17:23.640+0000 INFO  creationDate: 2025-04-23T13:44:43.945Z
2025-05-18 15:17:23.640+0000 INFO  Started.
2025-05-18 15:22:25.347+0000 INFO  Neo4j Server shutdown initiated by request
2025-05-18 15:22:25.348+0000 INFO  Stopping...
2025-05-18 15:46:37.843+0000 INFO  Logging config in use: Embedded default config 'default-user-logs.xml'
2025-05-18 15:46:37.850+0000 INFO  Starting...
2025-05-18 15:46:38.621+0000 INFO  This instance is ServerId{71e94502} (71e94502-1c64-4cef-b09a-2fe30fe28f06)
2025-05-18 15:46:39.923+0000 INFO  ======== Neo4j 2025.04.0 ========
2025-05-18 15:46:41.659+0000 INFO  Anonymous Usage Data is being sent to Neo4j, see https://neo4j.com/docs/usage-data/
2025-05-18 15:46:42.077+0000 INFO  Bolt enabled on 0.0.0.0:7687.
2025-05-18 15:46:42.857+0000 INFO  HTTP enabled on 0.0.0.0:7474.
2025-05-18 15:46:42.858+0000 INFO  Remote interface available at http://localhost:7474/
2025-05-18 15:46:42.861+0000 INFO  id: 8577EE821229D37FD9DEBD228133C222250717F6B93111FEE8797B8B92E6DBB6
2025-05-18 15:46:42.861+0000 INFO  name: system
2025-05-18 15:46:42.862+0000 INFO  creationDate: 2025-04-23T13:44:43.945Z
2025-05-18 15:46:42.863+0000 INFO  Started.
2025-05-18 15:46:54.468+0000 INFO  Neo4j Server shutdown initiated by request
2025-05-18 15:46:54.469+0000 INFO  Stopping...
2025-05-18 15:50:41.932+0000 INFO  Logging config in use: Embedded default config 'default-user-logs.xml'
2025-05-18 15:50:41.940+0000 INFO  Starting...
2025-05-18 15:50:42.754+0000 INFO  This instance is ServerId{71e94502} (71e94502-1c64-4cef-b09a-2fe30fe28f06)
2025-05-18 15:50:43.921+0000 INFO  ======== Neo4j 2025.04.0 ========
2025-05-18 15:50:45.819+0000 INFO  Anonymous Usage Data is being sent to Neo4j, see https://neo4j.com/docs/usage-data/
2025-05-18 15:50:46.318+0000 INFO  Bolt enabled on 0.0.0.0:7687.
2025-05-18 15:50:47.002+0000 INFO  HTTP enabled on 0.0.0.0:7474.
2025-05-18 15:50:47.003+0000 INFO  Remote interface available at http://localhost:7474/
2025-05-18 15:50:47.006+0000 INFO  id: 8577EE821229D37FD9DEBD228133C222250717F6B93111FEE8797B8B92E6DBB6
2025-05-18 15:50:47.007+0000 INFO  name: system
2025-05-18 15:50:47.008+0000 INFO  creationDate: 2025-04-23T13:44:43.945Z
2025-05-18 15:50:47.008+0000 INFO  Started.
2025-05-18 16:36:36.269+0000 INFO  Neo4j Server shutdown initiated by request
2025-05-18 16:36:36.270+0000 INFO  Stopping...
2025-05-18 16:36:41.793+0000 INFO  Stopped.
2025-05-18 16:38:46.576+0000 INFO  Logging config in use: Embedded default config 'default-user-logs.xml'
2025-05-18 16:38:46.585+0000 INFO  Starting...
2025-05-18 16:38:47.525+0000 INFO  This instance is ServerId{71e94502} (71e94502-1c64-4cef-b09a-2fe30fe28f06)
2025-05-18 16:38:48.878+0000 INFO  ======== Neo4j 2025.04.0 ========
2025-05-18 16:38:51.443+0000 INFO  Anonymous Usage Data is being sent to Neo4j, see https://neo4j.com/docs/usage-data/
2025-05-18 16:38:52.070+0000 INFO  Bolt enabled on 0.0.0.0:7687.
2025-05-18 16:38:53.140+0000 INFO  HTTP enabled on 0.0.0.0:7474.
2025-05-18 16:38:53.141+0000 INFO  Remote interface available at http://localhost:7474/
2025-05-18 16:38:53.145+0000 INFO  id: 8577EE821229D37FD9DEBD228133C222250717F6B93111FEE8797B8B92E6DBB6
2025-05-18 16:38:53.146+0000 INFO  name: system
2025-05-18 16:38:53.148+0000 INFO  creationDate: 2025-04-23T13:44:43.945Z
2025-05-18 16:38:53.150+0000 INFO  Started.
2025-05-18 18:01:13.538+0000 INFO  Neo4j Server shutdown initiated by request
2025-05-18 18:01:13.539+0000 INFO  Stopping...
2025-05-18 18:01:19.072+0000 INFO  Stopped.
2025-05-18 18:01:35.527+0000 INFO  Logging config in use: Embedded default config 'default-user-logs.xml'
2025-05-18 18:01:35.534+0000 INFO  Starting...
2025-05-18 18:01:36.272+0000 INFO  This instance is ServerId{71e94502} (71e94502-1c64-4cef-b09a-2fe30fe28f06)
2025-05-18 18:01:37.555+0000 INFO  ======== Neo4j 2025.04.0 ========
2025-05-18 18:01:39.217+0000 INFO  Anonymous Usage Data is being sent to Neo4j, see https://neo4j.com/docs/usage-data/
2025-05-18 18:01:39.654+0000 INFO  Bolt enabled on 0.0.0.0:7687.
2025-05-18 18:01:40.410+0000 INFO  HTTP enabled on 0.0.0.0:7474.
2025-05-18 18:01:40.411+0000 INFO  Remote interface available at http://localhost:7474/
2025-05-18 18:01:40.414+0000 INFO  id: 8577EE821229D37FD9DEBD228133C222250717F6B93111FEE8797B8B92E6DBB6
2025-05-18 18:01:40.414+0000 INFO  name: system
2025-05-18 18:01:40.415+0000 INFO  creationDate: 2025-04-23T13:44:43.945Z
2025-05-18 18:01:40.415+0000 INFO  Started.
2025-05-19 14:14:11.248+0000 INFO  Logging config in use: Embedded default config 'default-user-logs.xml'
2025-05-19 14:14:11.255+0000 INFO  Starting...
2025-05-19 14:14:12.087+0000 INFO  This instance is ServerId{71e94502} (71e94502-1c64-4cef-b09a-2fe30fe28f06)
2025-05-19 14:14:13.457+0000 INFO  ======== Neo4j 2025.04.0 ========
2025-05-19 14:14:15.536+0000 INFO  Anonymous Usage Data is being sent to Neo4j, see https://neo4j.com/docs/usage-data/
2025-05-19 14:14:16.183+0000 INFO  Bolt enabled on 0.0.0.0:7687.
2025-05-19 14:14:16.908+0000 INFO  HTTP enabled on 0.0.0.0:7474.
2025-05-19 14:14:16.909+0000 INFO  Remote interface available at http://localhost:7474/
2025-05-19 14:14:16.911+0000 INFO  id: 8577EE821229D37FD9DEBD228133C222250717F6B93111FEE8797B8B92E6DBB6
2025-05-19 14:14:16.912+0000 INFO  name: system
2025-05-19 14:14:16.912+0000 INFO  creationDate: 2025-04-23T13:44:43.945Z
2025-05-19 14:14:16.913+0000 INFO  Started.
2025-05-19 14:14:35.689+0000 INFO  Neo4j Server shutdown initiated by request
2025-05-19 14:14:35.690+0000 INFO  Stopping...
2025-05-19 14:19:33.140+0000 INFO  Logging config in use: Embedded default config 'default-user-logs.xml'
2025-05-19 14:19:33.146+0000 INFO  Starting...
2025-05-19 14:19:33.792+0000 INFO  This instance is ServerId{71e94502} (71e94502-1c64-4cef-b09a-2fe30fe28f06)
2025-05-19 14:19:34.693+0000 INFO  ======== Neo4j 2025.04.0 ========
2025-05-19 14:19:36.159+0000 INFO  Anonymous Usage Data is being sent to Neo4j, see https://neo4j.com/docs/usage-data/
2025-05-19 14:19:36.541+0000 INFO  Bolt enabled on 0.0.0.0:7687.
2025-05-19 14:19:37.122+0000 INFO  HTTP enabled on 0.0.0.0:7474.
2025-05-19 14:19:37.123+0000 INFO  Remote interface available at http://localhost:7474/
2025-05-19 14:19:37.126+0000 INFO  id: 8577EE821229D37FD9DEBD228133C222250717F6B93111FEE8797B8B92E6DBB6
2025-05-19 14:19:37.126+0000 INFO  name: system
2025-05-19 14:19:37.127+0000 INFO  creationDate: 2025-04-23T13:44:43.945Z
2025-05-19 14:19:37.127+0000 INFO  Started.
2025-05-22 19:37:31.146+0000 INFO  Logging config in use: Embedded default config 'default-user-logs.xml'
2025-05-22 19:37:31.155+0000 INFO  Starting...
2025-05-22 19:37:32.298+0000 INFO  This instance is ServerId{71e94502} (71e94502-1c64-4cef-b09a-2fe30fe28f06)
2025-05-22 19:37:33.851+0000 INFO  ======== Neo4j 2025.04.0 ========
2025-05-22 19:37:36.318+0000 INFO  Anonymous Usage Data is being sent to Neo4j, see https://neo4j.com/docs/usage-data/
2025-05-22 19:37:36.967+0000 INFO  Bolt enabled on 0.0.0.0:7687.
2025-05-22 19:37:37.638+0000 INFO  HTTP enabled on 0.0.0.0:7474.
2025-05-22 19:37:37.639+0000 INFO  Remote interface available at http://localhost:7474/
2025-05-22 19:37:37.641+0000 INFO  id: 8577EE821229D37FD9DEBD228133C222250717F6B93111FEE8797B8B92E6DBB6
2025-05-22 19:37:37.642+0000 INFO  name: system
2025-05-22 19:37:37.642+0000 INFO  creationDate: 2025-04-23T13:44:43.945Z
2025-05-22 19:37:37.643+0000 INFO  Started.
2025-05-22 21:31:28.392+0000 INFO  Neo4j Server shutdown initiated by request
2025-05-22 21:31:28.393+0000 INFO  Stopping...
2025-05-22 21:31:33.920+0000 INFO  Stopped.
2025-05-22 21:36:05.814+0000 INFO  Logging config in use: Embedded default config 'default-user-logs.xml'
2025-05-22 21:36:05.823+0000 INFO  Starting...
2025-05-22 21:36:06.784+0000 INFO  This instance is ServerId{71e94502} (71e94502-1c64-4cef-b09a-2fe30fe28f06)
2025-05-22 21:36:08.698+0000 INFO  ======== Neo4j 2025.04.0 ========
2025-05-22 21:36:11.088+0000 INFO  Anonymous Usage Data is being sent to Neo4j, see https://neo4j.com/docs/usage-data/
2025-05-22 21:36:11.684+0000 INFO  Bolt enabled on 0.0.0.0:7687.
2025-05-22 21:36:12.815+0000 INFO  HTTP enabled on 0.0.0.0:7474.
2025-05-22 21:36:12.816+0000 INFO  Remote interface available at http://localhost:7474/
2025-05-22 21:36:12.820+0000 INFO  id: 8577EE821229D37FD9DEBD228133C222250717F6B93111FEE8797B8B92E6DBB6
2025-05-22 21:36:12.820+0000 INFO  name: system
2025-05-22 21:36:12.821+0000 INFO  creationDate: 2025-04-23T13:44:43.945Z
2025-05-22 21:36:12.822+0000 INFO  Started.
2025-05-22 21:46:58.056+0000 INFO  Neo4j Server shutdown initiated by request
2025-05-22 21:46:58.057+0000 INFO  Stopping...
2025-05-22 21:52:03.740+0000 INFO  Logging config in use: Embedded default config 'default-user-logs.xml'
2025-05-22 21:52:03.748+0000 INFO  Starting...
2025-05-22 21:52:04.619+0000 INFO  This instance is ServerId{71e94502} (71e94502-1c64-4cef-b09a-2fe30fe28f06)
2025-05-22 21:52:05.798+0000 INFO  ======== Neo4j 2025.04.0 ========
2025-05-22 21:52:07.671+0000 INFO  Anonymous Usage Data is being sent to Neo4j, see https://neo4j.com/docs/usage-data/
2025-05-22 21:52:08.281+0000 INFO  Bolt enabled on 0.0.0.0:7687.
2025-05-22 21:52:09.243+0000 INFO  HTTP enabled on 0.0.0.0:7474.
2025-05-22 21:52:09.244+0000 INFO  Remote interface available at http://localhost:7474/
2025-05-22 21:52:09.248+0000 INFO  id: 8577EE821229D37FD9DEBD228133C222250717F6B93111FEE8797B8B92E6DBB6
2025-05-22 21:52:09.249+0000 INFO  name: system
2025-05-22 21:52:09.250+0000 INFO  creationDate: 2025-04-23T13:44:43.945Z
2025-05-22 21:52:09.253+0000 INFO  Started.
2025-05-22 21:57:00.895+0000 INFO  Neo4j Server shutdown initiated by request
2025-05-22 21:57:00.896+0000 INFO  Stopping...
2025-05-22 21:57:41.266+0000 INFO  Logging config in use: Embedded default config 'default-user-logs.xml'
2025-05-22 21:57:41.275+0000 INFO  Starting...
2025-05-22 21:57:42.154+0000 INFO  This instance is ServerId{71e94502} (71e94502-1c64-4cef-b09a-2fe30fe28f06)
2025-05-22 21:57:43.322+0000 INFO  ======== Neo4j 2025.04.0 ========
2025-05-22 21:57:45.360+0000 INFO  Anonymous Usage Data is being sent to Neo4j, see https://neo4j.com/docs/usage-data/
2025-05-22 21:57:45.903+0000 INFO  Bolt enabled on 0.0.0.0:7687.
2025-05-22 21:57:46.926+0000 INFO  HTTP enabled on 0.0.0.0:7474.
2025-05-22 21:57:46.928+0000 INFO  Remote interface available at http://localhost:7474/
2025-05-22 21:57:46.944+0000 INFO  id: 8577EE821229D37FD9DEBD228133C222250717F6B93111FEE8797B8B92E6DBB6
2025-05-22 21:57:46.946+0000 INFO  name: system
2025-05-22 21:57:46.955+0000 INFO  creationDate: 2025-04-23T13:44:43.945Z
2025-05-22 21:57:46.956+0000 INFO  Started.
2025-05-22 22:07:48.853+0000 INFO  Neo4j Server shutdown initiated by request
2025-05-22 22:07:48.854+0000 INFO  Stopping...
2025-05-22 22:14:27.844+0000 INFO  Logging config in use: Embedded default config 'default-user-logs.xml'
2025-05-22 22:14:27.859+0000 INFO  Starting...
2025-05-22 22:14:29.297+0000 INFO  This instance is ServerId{71e94502} (71e94502-1c64-4cef-b09a-2fe30fe28f06)
2025-05-22 22:14:30.821+0000 INFO  ======== Neo4j 2025.04.0 ========
2025-05-22 22:14:33.055+0000 INFO  Anonymous Usage Data is being sent to Neo4j, see https://neo4j.com/docs/usage-data/
2025-05-22 22:14:33.660+0000 INFO  Bolt enabled on 0.0.0.0:7687.
2025-05-22 22:14:34.442+0000 INFO  HTTP enabled on 0.0.0.0:7474.
2025-05-22 22:14:34.443+0000 INFO  Remote interface available at http://localhost:7474/
2025-05-22 22:14:34.446+0000 INFO  id: 8577EE821229D37FD9DEBD228133C222250717F6B93111FEE8797B8B92E6DBB6
2025-05-22 22:14:34.447+0000 INFO  name: system
2025-05-22 22:14:34.447+0000 INFO  creationDate: 2025-04-23T13:44:43.945Z
2025-05-22 22:14:34.448+0000 INFO  Started.
2025-05-22 22:15:13.617+0000 INFO  Neo4j Server shutdown initiated by request
2025-05-22 22:15:13.618+0000 INFO  Stopping...
2025-05-22 22:17:01.896+0000 INFO  Logging config in use: Embedded default config 'default-user-logs.xml'
2025-05-22 22:17:01.904+0000 INFO  Starting...
2025-05-22 22:17:02.781+0000 INFO  This instance is ServerId{71e94502} (71e94502-1c64-4cef-b09a-2fe30fe28f06)
2025-05-22 22:17:03.963+0000 INFO  ======== Neo4j 2025.04.0 ========
2025-05-22 22:17:05.861+0000 INFO  Anonymous Usage Data is being sent to Neo4j, see https://neo4j.com/docs/usage-data/
2025-05-22 22:17:06.382+0000 INFO  Bolt enabled on 0.0.0.0:7687.
2025-05-22 22:17:07.147+0000 INFO  HTTP enabled on 0.0.0.0:7474.
2025-05-22 22:17:07.148+0000 INFO  Remote interface available at http://localhost:7474/
2025-05-22 22:17:07.152+0000 INFO  id: 8577EE821229D37FD9DEBD228133C222250717F6B93111FEE8797B8B92E6DBB6
2025-05-22 22:17:07.153+0000 INFO  name: system
2025-05-22 22:17:07.153+0000 INFO  creationDate: 2025-04-23T13:44:43.945Z
2025-05-22 22:17:07.154+0000 INFO  Started.
2025-05-22 22:18:27.792+0000 INFO  Logging config in use: Embedded default config 'default-user-logs.xml'
2025-05-22 22:18:27.803+0000 INFO  Starting...
2025-05-22 22:18:28.890+0000 INFO  This instance is ServerId{71e94502} (71e94502-1c64-4cef-b09a-2fe30fe28f06)
2025-05-22 22:18:30.162+0000 INFO  ======== Neo4j 2025.04.0 ========
2025-05-22 22:18:32.128+0000 INFO  Anonymous Usage Data is being sent to Neo4j, see https://neo4j.com/docs/usage-data/
2025-05-22 22:18:32.700+0000 INFO  Bolt enabled on 0.0.0.0:7687.
2025-05-22 22:18:33.460+0000 INFO  HTTP enabled on 0.0.0.0:7474.
2025-05-22 22:18:33.461+0000 INFO  Remote interface available at http://localhost:7474/
2025-05-22 22:18:33.464+0000 INFO  id: 8577EE821229D37FD9DEBD228133C222250717F6B93111FEE8797B8B92E6DBB6
2025-05-22 22:18:33.465+0000 INFO  name: system
2025-05-22 22:18:33.465+0000 INFO  creationDate: 2025-04-23T13:44:43.945Z
2025-05-22 22:18:33.466+0000 INFO  Started.
